[    000000 Linux verson4.1.058-generic(buiddlcy01-amd6-03) (gc ersi 7.4.0 (Ubunt 7.4.0-1ubuntu1~18.04.1)) #64-Ubuntu SMP ue Aug 6 11:1241UTC 2019 (Ubutu 4.10-58.6-gnerc .158)
[    .0000 Commndline: BOOT_IAG=/boovmlinz-.15.058geneicrootUID=b84f176-4b14c9f94d-2a7234ff6 ro conol=tty1 coole=ttyS0[   0.00000] KERNEL spprted cps:
[   .0000]   InelGenueIntel
[    .00000  AMD AuthentAMD
[   0.000000]   Centaur CentaurHauls
[    0.000000] x86/fpu: Supporting XSAVE feature 0x001: 'x87 floating point registers'
[    0.000000] x86/fpu: Supporting XSAVE feature 0x002: 'SSE registers'
[    0.000000]x86fp: Supoting XSAVEfeatue x004:AVX reiser'
   0.0000] x86/f: xstate_offset[2]:  576, xstate_sizes[2]:  256
[    000000] x86/fpu: Enabled xstate features 0x7, context size is 832 bytes, using 'standard' forma.
[  0.0000] e80:BIOS-roided phical RM ap:[    0.000000] BIOS-e820: [mem 0x0000000000000000-0x000000000009fbff] usable
[    0.000000] BIOS-e820: [mem 0x000000000009fc00-0x0000000009fff]reserv
[   0.00000 BOSe820 [em 0x000000000f0000-0x00000000000fffff] reserved
[    0.000000] BIOS-e820: [mem 0x0000000000100000-0x000000003ffeffff] usable
[    0.000000] BIOS-e820: [mem 0x000000003fff0000-0x000000003fffffff] ACPI data
[    0.000000] BIOS-e820: [mem 0x00000000fec00000-0x00000000fec00fff] reserved
[    0.000000] BIOS-e820: [mem 0x00000000fee00000-0x00000000fee00fff] reserved
[    0.000000] BIOS-e820: [mem 0x00000000fffc0000-0x00000000ffffffff] reserved
[    0.000000] NX (Execute Disable) protection: active
[    0.000000] SMBIOS 2.5 present.
[    0.000000] DMI: innotek GmbH VirtualBox/VirtualBox, BIOS VirtualBox 12/01/2006
[    0.000000] Hypervisor detected: KVM
[    0.000000] e820 las_pfn= 0xff0 maarch_pf =0x0000000
   0.0000]MTR: Dsaled[   0.000] x86PA: MTRsdisabled, skipingPA iniialization too.
[   .00000] CPU MTRRs all blank  virtualized system.
[    0.000000] x86/PAT: Configuration [0-7]: WB  WT  UC- UC  WB  WT  UC- UC  
[    0.000000] found SMP MP-table at [mem 0x0009fff0-0x0009ffff] mapped at [        (ptrval)]
[    0.000000] Scanning 1 areas for low memory corruption
[    0.000000] RAMDISK: [mem 0x359d1000-0x36cdffff]
[    0.000000] ACPI: Early table checksum verification disabled
[    0.000000] ACPI: RSDP 0x0000000000000000024 v0 VBO  )
[    0.00000] ACPI: XSDT 0x000000003FFF0030 00003C (v01 VBOX   VBOXXSDT 00000001 ASL  0000061
    0.0000] ACPI: FACP 0x00000003FFF0F 0000F4 (v04 VBOX   VBOXFACP 00000001 ASL  00000061)
[    0.000000] ACPI: DSDT 0x000000003FFF0470 0021FF (v02 VBOX   VBOXBIOS 00000002 INTL 20100528)
[    0.000000] ACPI: FACS 0x000000003FFF0200 000040
[    0.000000] ACPI: FACS 0x000000003FFF0200 000040
[    0.000000] ACPI: APIC 0x000000003FFF0240 00005C (v02 VBOX   VBOXAPIC 00000001 ASL  00000061)
[    0.000000] ACPI: SSDT 0x000000003FFF02A0 0001CC (v01 VBOX   VBOXCPUT 00000002 INTL 20100528)
[    0.000000] No NUMA configuration found
[    0.000000] Faking a node at [mem 0x0000000000000000-0x000000003ffeffff]
[    0.000000] NODE_DATA(0) allocated [mem 0x3ffc5000-0x3ffeffff]
[   .000000] vmclock:pu 0, msr0:ff44001, pimarycp cock
[    0.000000] kv-clck: Usngmsrs 4b54d1 an 456d0
[    00000] vm-clock:usng sched offse of 3816687903 cycles
[    0.000000] clocksoue: kvmlock msk: 0xfffffffffffffff max_cycles: 0x1cd42e4dffb, max_idle_ns: 881590591483 ns
[    0.000000] Zone ranges:
[   0.0000]   DMA     [mem 0x00000000001000-x00000000ffffff
[    0.00000]   DM32   [mem 0x000000010000-0x0000003fefff
    0.0000]   Normal   empy
[    0.000000]  Devic  emty
[  0.0000] Movble zone start for each node
[    0.000000] Early memry nderanges
   0.00000   node   : [mm 0x000000000100-0x000000000009efff]
   0.0000]   od   0: [mem 0x0000000000100000-0x000000003ffefff]
   0.0000] Rseved bu uavailbl: 98 pages
[    0.0000] Initmem setup node 0 [mem 0x0000000000001000-0x000000003ffeffff]
[    0.000000] ACPI: PM-Timer IO Port: 0x4008
[    0.000000] IOAPIC[0]: apic_id 2, version 32, address 0xfec00000, GSI 0-23
[    0.000000] ACPI: INT_SRC_OVR (bus 0 bus_irq 0 global_irq 2 dfl dfl)
[    0.000000] ACPI: INT_SRC_VR (bu 0bus_irq 9 global_irq 9low level)
[   0.0000] sing ACPI MADT) for SMP configuraio informatin
[    0.00000] mpoot: Alowng 2 Us, 0hoplugCPs[    0.00000] PM: egstered nsae memory: [mem 0x00000000-0x00000fff]
[    0.000000] PM: Registered nosave memory: [mem 0x0009f000-0x0009ffff]
[    0.000000] PM: Registered nosave memory: [mem 0x000a0000-0x000effff]
[    0.000000] PM: Registered nosave mmoy: [me 0000f0000-0x000ffff]
[    0.000000] e820: [mem 0x40000000-0xfebfffff] available for PCI devices
[    0.000000] Bootin paravirtualized kernel on KVM
[    0.000000] clocksource: refined-jiffies: mask: 0xffffffff max_cycles: 0xffffffff, max_idle_ns: 7645519600211568 ns
[    0.000000] random: get_random_bytes called from start_kernel+0x99/0x4fd with crng_init=0
[    0.000000] setup_percpu: NR_CPUS:8192 nr_cpumask_bits:2 nr_cpu_ids:2 nrnode_ids:1
[   0.0000] pecp: Embedded 46 pages/cpu @        (ptrval) s151552 r8192 d28672 u1048576
[    0.00000 PV qspinlock hash table entris: 25 (rde: , 406 ytes)
[   0.0000] Built 1onelits mobity roping on.  Total pages: 257913
[  0.000000] Policy zon: DMA2
[    0.0000] Kernel command line: BOOT_IMAGE=/boot/vmlinuz-4.15.0-58-generic root=UUID=b84f0176-44b1-4c9f-994d-2a772374f7f6 ro console=tty1 console=ttyS0
[    0.000000] Memory: 983080K/1048120K available (12300K kernel code, 2478K rwdata, 4280K rodata, 2424K init, 2384K bss, 65040K reserved, 0K cma-reserved)
[    0.000000] SLUB: HWalign=64, Order=0-3, MinObjects=0, CPUs=2, Nodes=1
[    0.000000] Kernel/User page tables isolation: enabled
[    0.000000] ftrace: allocating 39243 entries in 154 pages
[    0.004000] Hierarchical RCU implementation.
[    0.004000] 	RCU restricting CPUs from NR_CPUS=8192 o nrcpu_ids=2.
[    0.004000] 	Tasks RCU enabled.
[    0.004000] RCU: Adjusting geometry for rcu_fanout_leaf=16, nr_cpu_ids=2
[    0.004000] NR_IRQS: 524544, nr_irqs: 440, preallocated irs:16
   0.004000]onsoe:colurVGA+ 8025
[    00400]console [ty1] enabled
[    0.4000] cosoe [tS0] enabld
[    000400]ACPI Core evisio 217031
[    .04000ACPI: 2ACI AMLables successfully acquired and loaded
[  0.004000] APIC: Switch to symmetric I/O mode setup
[    0.004283] x2apic enabled
[    0.005183] Switched APIC routing to physical x2apic.
[    0.009168] ..TIMER: vector=0x30 apic1=0 pin1=2 apic2=-1 pin2=-1
[    0.012002] tsc: Detected 1599.999 MHz processor
[    0.016011] Calibrating delay loop (skipped) preset value.. 3199.99 BogoMIPS (lpj=6399996)
[    0.018047] pid_max: default: 32768 minimum: 301
[    0.019160] Security Framework initialized
[    0.020004] Yama: becoming mindful.
[    0.020685] AppArmor: AppArmor initialized
[    0.023060] Dentry cache hash table entries: 131072 (order: 8, 1048576 bytes)
[    0.024086] Inode-cache hash table entries: 65536 (order: 7, 524288 bytes)
[    0.028031] Mount-cache hash table entries: 2048 (order: 2, 16384 bytes)
[    0.032018] Mountpoint-cache hash table entries: 2048 (order: 2, 16384 bytes)
[    0.036266] mce: CPU supports 0 MCE banks
[    0.040023] Last level iTLB entries: 4KB 64, 2MB 8, 4MB 8
[    0.044005] Last level dTLB entries: 4KB 64, 2MB 0, 4MB 0, 1GB 4
[    0.048004] Spectre V1 : Mitigation: usercopy/swapgs barriers and __user pointer sanitization
[    0.049815] Spectre V2 : Mitigation: Full generic retpoline
[    0.052007] Spectre V2 : Spectre v2 / SpectreRSB mitigation: Filling RSB on context switch
[    0.056008] Speculative Store Bypass: Vulnerable
[    0.057173] MDS: Vulnerable: Clear CPU buffers attempted, no microcode
[    0.060114] Freeing SMP alternatives memory: 36K
[    0.068000] smpboot: CPU0: Intel(R) Core(TM) i5-5250U CPU @ 1.60GHz (family: 0x6, model: 0x3d, stepping: 0x4)
[    0.068105] Performance Events: unsupported p6 CPU model 61 no PMU driver, software events only.
[    0.072085] Hierarchical SRCU implementation.
[    0.073799] NMI watchdog: Perf event create on CPU 0 failed with -2
[    0.075114] NMI watchdog: Perf NMI watchdog permanently disabled
[    0.076087] smp: Bringing up secondary CPUs ...
[    0.078628] x86: Booting SMP configuration:
[    0.080008] .... node  #0, CPUs:      #1
[    0.004000] kvm-clock: cpu 1, msr 0:3ff44041, secondary cpu clock
[    0.004000] mce: CPU supports 0 MCE banks
[    0.090640] smp: Brought up 1 node, 2 CPUs
[    0.092008] smpboot: Max logical packages: 1
[    0.096006] smpboot: Total of 2 processors activated (6399.99 BogoMIPS)
[    0.100166] devtmpfs: initialized
[    0.104068] x86/mm: Memory block size: 128MB
[    0.108170] evm: security.selinux
[    0.112008] evm: security.SMACK64
[    0.116007] evm: security.SMACK64EXEC
[    0.120006] evm: security.SMACK64TRANSMUTE
[    0.124004] evm: security.SMACK64MMAP
[    0.128004] evm: security.apparmor
[    0.132006] evm: security.ima
[    0.136004] evm: security.capability
[    0.140150] clocksource: jiffies: mask: 0xffffffff max_cycles: 0xffffffff, max_idle_ns: 7645041785100000 ns
[    0.144025] futex hash table entries: 512 (order: 3, 32768 bytes)
[    0.148162] pinctrl core: initialized pinctrl subsystem
[    0.152301] RTC time: 18:04:58, date: 09/17/19
[    0.156364] NET: Registered protocol family 16
[    0.160106] audit: initializing netlink subsys (disabled)
[    0.164076] audit: type=2000 audit(1568743489.650:1): state=initialized audit_enabled=0 res=1
[    0.300016] cpuidle: using governor ladder
[    0.304013] cpuidle: using governor menu
[    0.308061] ACPI: bus type PCI registered
[    0.312005] acpiphp: ACPI Hot Plug PCI Controller Driver version: 0.5
[    0.316124] PCI: Using configuration type 1 for base access
[    0.325010] HugeTLB registered 2.00 MiB page size, pre-allocated 0 pages
[    0.332138] ACPI: Added _OSI(Module Device)
[    0.336009] ACPI: Added _OSI(Processor Device)
[    0.340007] ACPI: Added _OSI(3.0 _SCP Extensions)
[    0.344005] ACPI: Added _OSI(Processor Aggregator Device)
[    0.348009] ACPI: Added _OSI(Linux-Dell-Video)
[    0.352006] ACPI: Added _OSI(Linux-Lenovo-NV-HDMI-Audio)
[    0.356008] ACPI: Added _OSI(Linux-HPI-Hybrid-Graphics)
[    0.360302] ACPI: Executed 1 blocks of module-level executable AML code
[    0.371496] ACPI: Interpreter enabled
[    0.372026] ACPI: (supports S0 S5)
[    0.376004] ACPI: Using IOAPIC for interrupt routing
[    0.380287] PCI: Using host bridge windows from ACPI; if necessary, use "pci=nocrs" and report a bug
[    0.384217] ACPI: Enabled 2 GPEs in block 00 to 07
[    0.393504] ACPI: PCI Root Bridge [PCI0] (domain 0000 [bus 00-ff])
[    0.396025] acpi PNP0A03:00: _OSC: OS supports [ASPM ClockPM Segments MSI]
[    0.400054] acpi PNP0A03:00: _OSC: not requesting OS control; OS requires [ExtendedConfig ASPM ClockPM MSI]
[    0.404024] acpi PNP0A03:00: fail to add MMCONFIG information, can't access extended PCI configuration space under this bridge.
[    0.412161] PCI host bridge to bus 0000:00
[    0.416013] pci_bus 0000:00: root bus resource [io  0x0000-0x0cf7 window]
[    0.420009] pci_bus 0000:00: root bus resource [io  0x0d00-0xffff window]
[    0.424007] pci_bus 0000:00: root bus resource [mem 0x000a0000-0x000bffff window]
[    0.428008] pci_bus 0000:00: root bus resource [mem 0x40000000-0xfdffffff window]
[    0.432011] pci_bus 0000:00: root bus resource [bus 00-ff]
[    0.438019] pci 0000:00:01.1: legacy IDE quirk: reg 0x10: [io  0x01f0-0x01f7]
[    0.440005] pci 0000:00:01.1: legacy IDE quirk: reg 0x14: [io  0x03f6]
[    0.444006] pci 0000:00:01.1: legacy IDE quirk: reg 0x18: [io  0x0170-0x0177]
[    0.445603] pci 0000:00:01.1: legacy IDE quirk: reg 0x1c: [io  0x0376]
[    0.469249] pci 0000:00:07.0: quirk: [io  0x4000-0x403f] claimed by PIIX4 ACPI
[    0.472022] pci 0000:00:07.0: quirk: [io  0x4100-0x410f] claimed by PIIX4 SMB
[    0.492446] ACPI: PCI Interrupt Link [LNKA] (IRQs 5 9 10 *11)
[    0.496368] ACPI: PCI Interrupt Link [LNKB] (IRQs 5 9 *10 11)
[    0.500140] ACPI: PCI Interrupt Link [LNKC] (IRQs 5 *9 10 11)
[    0.504161] ACPI: PCI Interrupt Link [LNKD] (IRQs 5 9 10 *11)
[    0.508995] SCSI subsystem initialized
[    0.512215] pci 0000:00:02.0: vgaarb: setting as boot VGA device
[    0.516000] pci 0000:00:02.0: vgaarb: VGA device added: decodes=io+mem,owns=io+mem,locks=none
[    0.516012] pci 0000:00:02.0: vgaarb: bridge control possible
[    0.520007] vgaarb: loaded
[    0.520977] ACPI: bus type USB registeree
[    0.524047] usbcore: registered new interface driver usbfs
[    0.528017] usbcore: registered new interface driver hub
[    0.532040] usbcore: registered new device driver usb
[    0.533257] EDAC MC: Ver: 3.0.0
[    0.536262] PCI: Using ACPI for IRQ routing
[    0.540327] NetLabel: Initializing
[    0.544004] NetLabel:  domain hash size = 128
[    0.548003] NetLabel:  protocols = UNLABELED CIPSOv4 CALIPSO
[    0.552024] NetLabel:  unlabeled traffic allowed by default
[    0.556094] clocksource: Switched to clocksource kvm-clock
[  0636]FSDi qta dquot_6.6.0
[    1.0648] S: Dquo-cache hash table entrie: 2 rd 040 bes
[  1121]ppmo AArr lesyteEnle

[    2.245896] pp: PP PIni
[  2775]npPnAC: un3 vis
[    3.0680 cckur: pipm: mask 0ffffmacyes0xff, x_les:080124 ns
[    4.0828 N: gier ptol family 2
[    .583] P taisedastae trs: 819 (de 4656 te
  5.00] TCPbi hh blenie 82 rder: 5 13107bys)[  6212]CPHa tleconfguedesabsh 82 nd 8192)
[    7.034886] UDP hash table entries: 512 (order: 2, 16384 bytes)
[    7.054443] UDP-Lite hash table entries: 512 (order: 2, 16384 bytes)
[    7.055861] NET: Registered protocol family 1
[    7.056869] pci 0000:00:00.0: Limiting direct PCI/PCI transfers
[    7.058156] pci 0000:00:01.0: Activating ISA DMA hang workarounds
[    7.059508] pci 0000:00:02.0: Video device with shadowed ROM at [mem 0x000c0000-0x000dffff]
[    7.061414] Unpacking initramfs...
[    7.426819] Freeing initrd memory: 19516K
[    7.512831] clocksource: tsc: mask: 0xffffffffffffffff max_cycles: 0x171023f09ff, max_idle_ns: 440795233615 ns
[    7.663478] platform rtc_cmos: registered platform RTC device (no PNP device found)
[    7.766847] Scanning for low memory corruption every 60 seconds
[    7.837711] Initialise system trusted keyrings
[    7.883539] Key type blacklist registered
[    7.932818] workingset: timestamp_bits=36 max_order=18 bucket_order=0
[    8.004468] zbud: loaded
[    8.033322] squashfs: version 4.0 (2009/01/31) Phillip Lougher
[    8.094152] fuse init (API version 7.26)
[    8.132887] Key type asymmetric registered
[    8.173729] Asymmetric key parser 'x509' registered
[    8.224314] Block layer SCSI generic (bsg) driver version 0.4 loaded (major 246)
[    8.300776] io scheduler noop registered
[    8.354018] io scheduler deadline registered
[    8.361359] io scheduler cfq registered (default)
[    8.363010] ACPI: AC Adapter [AC] (off-line)
[    8.408779] input: Power Button as /devices/LNXSYSTM:00/LNXPWRBN:00/input/input0
[    8.480738] ACPI: Power Button [PWRF]
[    8.527935] input: Sleep Button as /devices/LNXSYSTM:00/LNXSLPBN:00/input/input1
[    8.653372] ACPI: Sleep Button [SLPF]
[    8.654770] Serial: 8250/16550 driver, 32 ports, IRQ sharing enabled
[    8.656216] ACPI: Battery Slot [BAT0] (battery present)
[    8.857909] 00:02: ttyS0 at I/O 0x3f8 (irq = 4, base_baud = 115200) is a 16550A
[    8.920646] Linux agpgart interface v0.103
[    8.965707] loop: module loaded
[    8.994477] scsi host0: ata_piix
[    9.026036] scsi host1: ata_piix
[    9.052630] ata1: PATA max UDMA/33 cmd 0x1f0 ctl 0x3f6 bmdma 0xd000 irq 14
[    9.132890] ata2: PATA max UDMA/33 cmd 0x170 ctl 0x376 bmdma 0xd008 irq 15
[    9.231149] libphy: Fixed MDIO Bus: probed
[    9.267 t: Universal TUN/TAP device driver, 1.6

[   9.67] P nec drveveion 2.4.2

[    9.829225] ehci_hcd: USB 2.0 'Enhanced' Host Controller (EHCI) Driver
[    9.925123] ehci-pci: EHCI PCI platform driver
[   10.026395] ehci-platform: EHCI generic platform driver
[   10.053415] ohci_hcd: USB 1.1 'Open' Host Controller (OHCI) Driver
[   10.054860] ohci-pci: OHCI PCI platform driver
[   10.055948] ohci-platform: OHCI generic platform driver
[   10.085003] uhci_hcd: USB Universal Host Controller Interface driver
[   10.086530] i8042: PNP: PS/2 Controller [PNP0303:PS2K,PNP0f03:PS2M] at 0x60,0x64 irq 1,12
[   10.114302] serio: i8042 KBD port at 0x60,0x64 irq 1
[   10.204937] serio: i8042 AUX port at 0x60,0x64 irq 12
[   10769]oude P2 usdevice omn r l ce
[   10.965706] rtc_cmos rtc_cmos: rtc core: registered rtc_cmos as rtc0
[   10.982488] rtc_cmos rtc_cmos: alarms up to one day, 114 bytes nvram
[   11.062483] input: AT Translated Set 2 keyboard as /devices/platform/i8042/serio0/input/input2
[   11.068378] i2c /dev entries driver
[   11.084210] device-mapper: uevent: version 1.0.3
[   11.085654] device-mapper: ioctl: 4.37.0-ioctl (2017-09-20) initialised: dm-devel@redhat.com
[   11.124262] ledtrig-cpu: registered to indicate activity on CPUs
[   11.149957] NET: Registered protocol family 10
[   11.198499] Segment Routing with IPv6
[   11.283507] NET: Registered protocol family 17
[   11.375023] Key type dns_resolver registered
[   11.455477] RAS: Correctable Errors collector initialized.
[   11.563225] sched_clock: Marking stable (11563182207, 0)->(28666872216, -17103690009)
[   11.634574] registered taskstats version 1
[   11.704917] Loading compiled-in X.509 certificates
[   11.786872] Loaded X.509 cert 'Build time autogenerated kernel key: e343dd3e31c9820cf0adf0156bc2eecdcfc394af'
[   12.013187] zswap: loaded using pool lzo/zbud
[   12.090882] Key type big_key registered
[   12.165121] Key type trusted registered
[   12.168513] Key type encrypted registered
[   12.193273] AppArmor: AppArmor sha1 policy hashing enabled
[   12.202749] ima: No TPM chip found, activating TPM-bypass! (rc=-19)
[   12.215846] ima: Allocated hash algorithm: sha1
[   12.231572] evm: HMAC attrs: 0x1
[   12.238770]   Magic number: 3:718:89
[   12.283782] rtc_cmos rtc_cmos: setting system clock to 2019-09-17 18:05:13 UTC (1568743513)
[   12.415787] BIOS EDD facility v0.16 2004-Jun-25, 0 devices found
[   12.512666] EDD information not available.
[   12.578430] Freeing unused kernel image memory: 2424K
[   12.648523] Write protecting the kernel read-only data: 20480k
[   12.766278] Freeing unused kernel image memory: 2008K
[   12.854239] Freeing unused kernel image memory: 1864K
[   12.867509] x86/mm: Checked W+X mappings: passed, no W+X pages found.
[   12.955802] x86/mm: Checking user space page tables
[   12.963563] x86/mm: Checked W+X mappings: passed, no W+X pages found.
Loading, please wait...
starting version 237
[   13.320541] Fusion MPT base driver 3.04.20
[   13.365489] Copyright (c) 1999-2008 LSI Corporation
[   13.375155] e1000: Intel(R) PRO/1000 Network Driver - version 7.3.21-k8-NAPI
[   13.378106] e1000: Copyright (c) 1999-2006 Intel Corporation.
[   13.391144] AVX2 version of gcm_enc/dec engaged.
[   13.410956] AES CTR mode by8 optimization enabled
[   13.417869] Fusion MPT SPI Host driver 3.04.20
[   13.581457] input: ImExPS/2 Generic Explorer Mouse as /devices/platform/i8042/serio1/input/input4
[   13.765492] e1000 0000:00:03.0 eth0: (PCI:33MHz:32-bit) 02:06:b1:f3:7b:7f
[   14.033732] e1000 0000:00:03.0 eth0: Intel(R) PRO/1000 Network Connection
[   14.677658] e1000 0000:00:08.0 eth1: (PCI:33MHz:32-bit) 08:00:27:4e:f3:12
[   14.715874] e1000 0000:00:08.0 eth1: Intel(R) PRO/1000 Network Connection
[   14.734015] e1000 0000:00:03.0 enp0s3: renamed from eth0
[   14.777718] mptbase: ioc0: Initiating bringup
[   14.856927] e1000 0000:00:08.0 enp0s8: renamed from eth1
[   14.941686] ioc0: LSI53C1030 A0: Capabilities={Initiator}
[   15.387356] scsi host2: ioc0: LSI53C1030 A0, FwRev=00000000h, Ports=1, MaxQ=256, IRQ=20
[   15.557980] scsi 2:0:0:0: Direct-Access     VBOX     HARDDISK         1.0  PQ: 0 ANSI: 5
[   15.760223] scsi target2:0:0: Beginning Domain Validation
[   15.911961] scsi target2:0:0: Domain Validation skipping write tests
[   15.914260] scsi target2:0:0: Ending Domain Validation
[   15.915297] scsi target2:0:0: asynchronous
[   15.916818] scsi 2:0:1:0: Direct-Access     VBOX     HARDDISK         1.0  PQ: 0 ANSI: 5
[   15.948252] scsi target2:0:1: Beginning Domain Validation
[   16.066918] random: fast init done
[   16.526551] scsi target2:0:1: Domain Validation skipping write tests
[   16.593637] scsi target2:0:1: Ending Domain Validation
[   16.610823] scsi target2:0:1: asynchronous
[   16.630789] random: systemd-udevd: uninitialized urandom read (16 bytes read)
[   16.647418] random: systemd-udevd: uninitialized urandom read (16 bytes read)
[   16.647640] sd 2:0:0:0: Attached scsi generic sg0 type 0
[   16.654377] random: systemd-udevd: uninitialized urandom read (16 bytes read)
[   16.657533] sd 2:0:1:0: Attached scsi generic sg1 type 0
[   16.714211] sd 2:0:0:0: [sda] 20971520 512-byte logical blocks: (10.7 GB/10.0 GiB)
[   16.863632] sd 2:0:1:0: [sdb] 20480 512-byte logical blocks: (10.5 MB/10.0 MiB)
[   16.863676] sd 2:0:0:0: [sda] Write Protect is off
[   16.867112] sd 2:0:1:0: [sdb] Write Protect is off
[   16.870063] sd 2:0:1:0: [sdb] Incomplete mode parameter data
[   16.870085] sd 2:0:0:0: [sda] Incomplete mode parameter data
[   16.886523] sd 2:0:1:0: [sdb] Assuming drive cache: write through
[   16.894023] sd 2:0:0:0: [sda] Assuming drive cache: write through
[   18.066960]  sda: sda1
[   18.067862] sd 2:0:1:0: [sdb] Attached SCSI disk
[   18.094241] sd 2:0:0:0: [sda] Attached SCSI disk
Begin: Loading essential drivers ... [   19.800280] raid6: sse2x1   gen()  8717 MB/s
[   19.888190] raid6: sse2x1   xor()  5363 MB/s
[   19.972127] raid6: sse2x2   gen()  8215 MB/s
[   20.068171] raid6: sse2x2   xor()  6701 MB/s
[   20.132239] raid6: sse2x4   gen() 12047 MB/s
[   20.228019] raid6: sse2x4   xor()  7889 MB/s
[   20.320302] raid6: avx2x1   gen() 17183 MB/s
[   20.376327] raid6: avx2x1   xor() 11483 MB/s
[   20.476217] raid6: avx2x2   gen() 20539 MB/s
[   20.572299] raid6: avx2x2   xor() 11722 MB/s
[   20.668505] raid6: avx2x4   gen() 22451 MB/s
[   20.760306] raid6: avx2x4   xor() 14757 MB/s
[   20.799142] raid6: using algorithm avx2x4 gen() 22451 MB/s
[   20.809588] raid6: .... xor() 14757 MB/s, rmw enabled
[   20.810680] raid6: using avx2x2 recovery algorithm
[   20.813549] xor: automatically using best checksumming function   avx       
[   20.984114] async_tx: api initialized (async)
done.
Begin: Running /scripts/init-premount ... done.
Begin: Mounting root file system ... Begin: Running /scripts/local-top ... done.
Begin: Running /scripts/local-premount ... [   21.074988] Btrfs loaded, crc32c=crc32c-intel
Scanning for Btrfs filesystems
done.
Warning: fsck not present, so sk[   21.164928] EXT4-fs (sda1): mounted filesystem with ordered data mode. Opts: (null)
ipping root file system
done.
Begin: Running /scripts/local-bottom ... done.
Begin: Running /scripts/init-bottom ... done.
[   21.980166] ip_tables: (C) 2000-2006 Netfilter Core Team
[   22.579267] systemd[1]: systemd 237 running in system mode. (+PAM +AUDIT +SELINUX +IMA +APPARMOR +SMACK +SYSVINIT +UTMP +LIBCRYPTSETUP +GCRYPT +GNUTLS +ACL +XZ +LZ4 +SECCOMP +BLKID +ELFUTILS +KMOD -IDN2 +IDN -PCRE2 default-hierarchy=hybrid)
[   26.891807] systemd[1]: Detected virtualization oracle.
[   26.993026] systemd[1]: Detected architecture x86-64.

Welcome to [1mUbuntu 18.04.2 LTS[0m!

[   27.167178] systemd[1]: Set hostname to <ubuntu-bionic>.
[   28.476549] systemd[1]: Created slice System Slice.
[[0;32m  OK  [0m] Created slice System Slice.
[   29.470651] systemd[1]: Listening on Device-mapper event daemon FIFOs.
[[0;32m  OK  [0m] Listening on Device-mapper event daemon FIFOs.
[   29.520905] systemd[1]: Listening on udev Kernel Socket.
[[0;32m  OK  [0m] Listening on udev Kernel Socket.
[   29.772611] systemd[1]: Listening on /dev/initctl Compatibility Named Pipe.
[[0;32m  OK  [0m] Listening on /dev/initctl Compatibility Named Pipe.
[   31.232355] systemd[1]: Reached target Swap.
[[0;32m  OK  [0m] Reached target Swap.
[   32.124963] systemd[1]: Listening on udev Control Socket.
[[0;32m  OK  [0m] Listening on udev Control Socket.
[   33.117319] systemd[1]: Listening on LVM2 metadata daemon socket.
[[0;32m  OK  [0m] Listening on LVM2 metadata daemon socket.
[   33.157172] systemd[1]: Created slice User and Session Slice.
[[0;32m  OK  [0m] Created slice User and Session Slice.
[   33.180725] systemd[1]: Listening on Journal Socket.
[[0;32m  OK  [0m] Listening on Journal Socket.
[   33.381147] systemd[1]: Starting Load Kernel Modules...
         Starting Load Kernel Modules...
[   33.490518] systemd[1]: Starting Monitoring of LVM2 mirrors, snapshots etc. using dmeventd or progress polling...
         Starting Monitoring of LVM2 mirr[   33.562324] Loading iSCSI transport class v2.0-870.
ors…ng dmevent[   34.617180] random: crng init done
[   34.636125] random: 7 urandom warning(s) missed due to ratelimiting
d or progress polling...
[   34.639469] systemd[1]: Starting udev Coldplug all Devices...
         Starting udev Coldplug all Devices...
[   34.653299] iscsi: registered transport (tcp)
[   34.736523] systemd[1]: Listening on Network Service Netlink Socket.
[[0;32m  OK  [0m] Listening on Network Service Netlink Socket.
[   34.780084] systemd[1]: Listening on LVM2 poll daemon socket.
[[0;32m  OK  [0[   34.910181] iscsi: registered transport (iser)
m] Listening on LVM2 poll daemon socket.
[   34.994879] systemd[1]: Mounting Kernel Debug File System...
         Mounting Kernel Debug File System...
[   35.202120] systemd[1]: Created slice system-serial\x2dgetty.slice.
[[0;32m  OK  [0m] Created slice system-serial\x2dgetty.slice.
[   35.334577] systemd[1]: Starting Create list of required static device nodes for the current kernel...
         Starting Create list of required st…ce nodes for the current kernel...
[   35.489111] systemd[1]: Listening on Syslog Socket.
[[0;32m  OK  [0m] Listening on Syslog Socket.
[   35.544808] systemd[1]: Listening on Journal Audit Socket.
[[0;32m  OK  [0m] Listening on Journal Audit Socket.
[   35.725543] systemd[1]: Set up automount Arbitrary Executable File Formats File System Automount Point.
[[0;32m  OK  [0m] Set up automount Arbitrary Executab…rmats File System Automount Point.
[[0;32m  OK  [0m] Started Forward Password Requests to Wall Directory Watch.
         Starting Set the console keyboard layout...
[[0;32m  OK  [0m] Reached target System Time Synchronized.
[[0;32m  OK  [0m] Reached target User and Group Name Lookups.
[[0;32m  OK  [0m] Reached target Slices.
         Starting Uncomplicated firewall...
         Mounting POSIX Message Queue File System...
[[0;32m  OK  [0m] Listening on Journal Socket (/dev/log).
         Starting Journal Service...
         Starting Remount Root and Kernel[   36.140849] EXT4-fs (sda1): re-mounted. Opts: (null)
 File Systems...
         Mounting Huge Pages File System...
[[0;32m  OK  [0m] Started Journal Service.
[[0;32m  OK  [0m] Started Load Kernel Modules.
[[0;32m  OK  [0m] Mounted Kernel Debug File System.
[[0;32m  OK  [0m] Started Create list of required sta…vice nodes for the current kernel.
[[0;32m  OK  [0m] Started Set the console keyboard layout.
[[0;32m  OK  [0m] Started Uncomplicated firewall.
[[0;32m  OK  [0m] Mounted POSIX Message Queue File System.
[[0;32m  OK  [0m] Started Remount Root and Kernel File Systems.
[[0;32m  OK  [0m] Mounted Huge Pages File System.
[[0;32m  OK  [0m] Started udev Coldplug all Devices.
[[0;32m  OK  [0m] Started LVM2 metadata daemon.
         Starting Load/Save Random Seed...
         Starting Create Static Device Nodes in /dev...
         Mounting Kernel Configuration File System...
         Starting Apply Kernel Variables...
         Mounting FUSE Control File System...
         Starting Flush Journal to Persistent Storage...
[[0;32m  OK  [0m] Started Monitoring of LVM2 mirrors,…sing dmeventd or progress polling.
[[0;32m  OK  [0m] Started Load/Save Random Seed.
[[0;32m  OK  [0m] Started Create Static Device Nodes in /dev.
[[0;32m  OK  [0m] Mounted Kernel Configuration File System.
[[0;32m  OK  [0m] Started Apply Kernel Variables.
[[0;32m  OK  [0m] Mounted FUSE Control File System.
         Starting udev Kernel Device Manager...
[[0;32m  OK  [0m] Reached target Local File Systems (Pre).
[[0;32m  OK  [0m] Reached target Local File Systems.
         Starting Set console font and keymap...
         Starting Tell Plymouth To Write Out Runtime Data...
         Starting ebtables ruleset management...
         Starting AppArmor initialization...
[[0;32m  OK  [0m] Started Set console font and keymap.
[[0;32m  OK  [0m] Started Tell Plymouth To Write Out Runtime Data.
[[0;32m  OK  [0m] Started udev Kernel Device Manager.
[[0;32m  OK  [0m] Started Dispatch Password Requests to Console Directory Watch.
[[0;32m  OK  [0m] Reached target Local Encrypted Volumes.
[[0;32m  OK  [0m] Started ebtables ruleset management.
[[0;32m  OK  [0m] Started Flush Journal to Persistent Storage.
         Starting Create Volatile Files and Directories...
[[0;32m  OK  [0m] Found device /dev/ttyS0.
[[0;32m  OK  [0m] Started Create Volatile Files and Directories.
         Starting Update UTMP about System Boot/Shutdown...
[[0;32m  OK  [0m] Started Update UTMP about System Boot/Shutdown.
[[0;32m  OK  [0m] Listening on Load/Save RF Kill Switch Status /dev/rfkill Watch.
[[0;32m  OK  [0m] Started AppArmor initialization.
         Starting Initial cloud-init job (pre-networking)...
[   42.137440] cloud-init[526]: Cloud-init v. 19.1-1-gbaa47854-0ubuntu1~18.04.1 running 'init-local' at Tue, 17 Sep 2019 18:05:42 +0000. Up 41.73 seconds.
[[0;32m  OK  [0m] Started Initial cloud-init job (pre-networking).
[[0;32m  OK  [0m] Reached target Network (Pre).
         Starting Network Service...
[[0;32m  OK  [0m] Started Network Service.
         Starting Wait for Network to be Configured...
         Starting Network Name Resolution...
[[0;32m  OK  [0m] Started Network Name Resolution.
[[0;32m  OK  [0m] Reached target Host and Network Name Lookups.
[[0;32m  OK  [0m] Reached target Network.
[[0;32m  OK  [0m] Started Wait for Network to be Configured.
         Starting Initial cloud-init job (metadata service crawler)...
[   44.734080] cloud-init[666]: Cloud-init v. 19.1-1-gbaa47854-0ubuntu1~18.04.1 running 'init' at Tue, 17 Sep 2019 18:05:45 +0000. Up 44.51 seconds.
[   44.764291] cloud-init[666]: ci-info: ++++++++++++++++++++++++++++++++++++++Net device info+++++++++++++++++++++++++++++++++++++++
[   44.800406] cloud-init[666]: ci-info: +--------+------+-----------------------------+---------------+--------+-------------------+
[   44.850982] cloud-init[666]: ci-info: | Device |  Up  |           Address           |      Mask     | Scope  |     Hw-Address    |
[   44.889291] cloud-init[666]: ci-info: +--------+------+-----------------------------+---------------+--------+-------------------+
[   44.948533] cloud-init[666]: ci-info: | enp0s3 | True |          10.0.2.15          | 255.255.255.0 | global | 02:06:b1:f3:7b:7f |
[   45.041030] cloud-init[666]: ci-info: | enp0s3 | True |  fe80::6:b1ff:fef3:7b7f/64  |       .       |  link  | 02:06:b1:f3:7b:7f |
[   45.128770] cloud-init[666]: ci-info: | enp0s8 | True |        192.168.33.10        | 255.255.255.0 | global | 08:00:27:4e:f3:12 |
[   45.164417] cloud-init[666]: ci-info: | enp0s8 | True | fe80::a00:27ff:fe4e:f312/64 |       .       |  link  | 08:00:27:4e:f3:12 |
[[0;32m  OK  [0m[   45.261136] ] cloud-initStarted Initial cloud-init job (metadata service crawler).[666]: 
ci-info: |   lo   | True |          127.0.0.1          |   255.0.0.0   |  host  |         .         |
[[   45.326988] cloud-init[666]: ci-info: |   lo   | True |           ::1/128           |       .       |  host  |         .         |
[   45.327177] cloud-init[666]: ci-info: +--------+------+-----------------------------+---------------+--------+-------------------+
[0;32m  OK  [0m] Reached target System Initialization.
[   45.327412] cloud-init[666]: ci-info: +++++++++++++++++++++++++++++Route IPv4 info+++++++++++++++++++++++++++++
[[   45.509083] cloud-init[666]: ci-info: +-------+--------------+----------+-----------------+-----------+-------+
[0;32m  OK  [0m] Listening on ACPID Listen Socket.
[   45.509631] cloud-init[666]: ci-info: | Route | Destination  | Gateway  |     Genmask     | Interface | Flags |
[[   45.656564] cloud-init[666]: ci-info: +-------+--------------+----------+-----------------+-----------+-------+
[   45.656842] cloud-init[666]: ci-info: |   0   |   0.0.0.0    | 10.0.2.2 |     0.0.0.0     |   enp0s3  |   UG  |
[0;32m  OK  [0m] Started Daily Cleanup of Temporary Directories.
[   45.657515] cloud-init[666]: ci-info: |   1   |   10.0.2.0   | 0.0.0.0  |  255.255.255.0  |   enp0s3  |   U   |
[[   45.909841] cloud-init[666]: ci-info: |   2   |   10.0.2.2   | 0.0.0.00 | 255.255.255.255 |   enp0s3  |   UH  |
[   45.910247] cloud-init[666]: ci-info: |   3   | 192.168.33.0 | 000.0.0  |  255.255.255.0  |   enp0s8  |   U   |
[0;32m  OK  [0m] Started ACPI Events Check.
[[   45.910772] cloud-init[666]: ci-info: +-------+--------------+----------+-----------------+-----------+-------+
[   46.041204] cloud-init[666]: ci-info: +++++++++++++++++++Route IPv6 info+++++++++++++++++++
[0;32m  OK  [0m] Reached target Paths.
[   46.041619] cloud-init[666]: ci-info: +-------+-------------+---------+-----------+-------+
[[   46.237122] cloud-init[666]: ci-info: | Route | Destination | Gateway | Interface | Flags |
[   46.237517] cloud-init[666]: ci-info: +-------+-------------+---------+-----------+-------+
[0;32m  OK  [0m] Started Daily apt download activities.
[   46.237764] cloud-init[666]: ci-info: |   1   |  fe80::/64  |    ::   |   enp0s8  |   U   |
[[   46.436806] cloud-init[666]: ci-info: |   2   |  fe80::/64  |    ::   |   enp0s3  |   U   |
[   46.437100] cloud-init[666]: ci-info: |   4   |    local    |    ::   |   enp0s3  |   U   |[0;32m  OK  [0m
] Started Daily apt upgrade and clean activities.
[   46.437425] cloud-init[666]: ci-info: |   5   |    local    |    ::   |   enp0s8  |   U   |
[[   46.544661] cloud-init[666]: ci-info: |   6   |   ff00::/8  |    ::   |   enp0s8  |   U   |
[   46.545086] cloud-init[666]: ci-info: |   7   |   ff00::/8  |    ::   |   enp0s3  |   U   |
[0;32m  OK  [0m] Started Message of the Day.
[   46.545293] cloud-init[666]: ci-info: +-------+-------------+---------+-----------+-------+
[[0;32m  OK  [0m] Started Discard unused blocks once a week.
[[0;32m  OK  [0m] Listening on UUID daemon activation socket.
[[0;32m  OK  [0m] Listening on D-Bus System Message Bus Socket.
         Starting Socket activation for snappy daemon.
         Starting LXD - unix socket.
[[0;32m  OK  [0m] Listening on Open-iSCSI iscsid Socket.
[[0;32m  OK  [0m] Reached target Timers.
[[0;32m  OK  [0m] Reached target Cloud-config availability.
[[0;32m  OK  [0m] Reached target Network is Online.
[[0;32m  OK  [0m] Reached target Remote File Systems (Pre).
[[0;32m  OK  [0m] Reached target Remote File Systems.
         Starting Availability of block devices...
[[0;32m  OK  [0m] Listening on Socket activation for snappy daemon.
[[0;32m  OK  [0m] Listening on LXD - unix socket.
[[0;32m  OK  [0m] Started Availability of block devices.
[[0;32m  OK  [0m] Reached target Sockets.
[[0;32m  OK  [0m] Reached target Basic System.
[[0;32m  OK  [0m] Started FUSE filesystem for LXC.
         Starting LSB: Record successful boot for GRUB...
         Starting System Logging Service...
         Starting Login Service...
         Starting Permit User Sessions...
         Starting LXD - container startup/shutdown...
         Starting OpenBSD Secure Shell server...
[[0;32m  OK  [0m] Started Regular background program processing daemon.
         Starting Snappy daemon...
[[0;32m  OK  [0m] Started Deferred execution scheduler.
[[0;32m  OK  [0m] Started irqbalance daemon.
         Starting Accounts Service...
         Starting LSB: automatic crash report generation...
[[0;32m  OK  [0m] Started D-Bus System Message Bus.
[[0;32m  OK  [0m] Started Login Service.
[[0;32m  OK  [0m] Started Unattended Upgrades Shutdown.
         Starting Dispatcher daemon for systemd-networkd...
         Starting vboxadd.service...
[[0;32m  OK  [0m] Started System Logging Service.
[[0;32m  OK  [0m] Started Permit User Sessions.
[[0;32m  OK  [0m] Started LXD - container startup/shutdown.
[[0;32m  OK  [0m] Started OpenBSD Secure Shell server.
         Starting Authorization Manager...
         Starting Terminate Plymouth Boot Screen...
         Starting Hold until boot process finishes up...
[[0;32m  OK  [0m] Started Terminate Plymouth Boot Screen.
[[0;32m  OK  [0m] Started Hold until boot process finishes up.
         Starting Set console scheme...
[[0;32m  OK  [0m] Started Serial Getty on ttyS0.
[[0;32m  OK  [0m] Started Snappy daemon.
[[0;32m  OK  [0m] Started LSB: automatic crash report generation.
[[0;32m  OK  [0m] Started LSB: Record successful boot for GRUB.
[[0;32m  OK  [0m] Started Set console scheme.
[[0;32m  OK  [0m] Started Authorization Manager.
[[0;32m  OK  [0m] Started Accounts Service.
[[0;32m  OK  [0m] Created slice system-getty.slice.
[[0;32m  OK  [0m] Started Getty on tty1.
[[0;32m  OK  [0m] Reached target Login Prompts.
         Starting Wait until snapd is fully seeded...
[[0;32m  OK  [0m] Created slice User Slice of vagrant.
[[0;32m  OK  [0m] Started vboxadd.service.
[[0;32m  OK  [0m] Started Wait until snapd is fully seeded.
[[0;32m  OK  [0m] Started Session 1 of user vagrant.
         Starting Apply the settings specified in cloud-config...
         Starting vboxadd-service.service...
         Starting User Manager for UID 1000...
[[0;32m  OK  [0m] Started vboxadd-service.service.
[[0;32m  OK  [0m] Started Dispatcher daemon for systemd-networkd.
[[0;32m  OK  [0m] Reached target Multi-User System.
[[0;32m  OK  [0m] Reached target Graphical Interface.
         Starting Update UTMP about System Runlevel Changes...
[[0;32m  OK  [0m] Started Update UTMP about System Runlevel Changes.
[[0;32m  OK  [0m] Started User Manager for UID 1000.
[   50.963317] cloud-init[1134]: Cloud-init v. 19.1-1-gbaa47854-0ubuntu1~18.04.1 running 'modules:config' at Tue, 17 Sep 2019 18:05:51 +0000. Up 50.76 seconds.
[[0;32m  OK  [0m] Started Apply the settings specified in cloud-config.
         Starting Execute cloud user/final scripts...
[   51.903720] cloud-init[1267]: Cloud-init v. 19.1-1-gbaa47854-0ubuntu1~18.04.1 running 'modules:final' at Tue, 17 Sep 2019 18:05:52 +0000. Up 51.70 seconds.
[[0;32m  OK  [0m] Started Execute cloud user/final scripts.
[   51.980969] [cloud-init[0;32m  OK  [0m[1267]: ] Cloud-init vv 19.1-1-gbaa47854-0ubuntu1~18.04.1 finished at Tue, 17 Sep 2019 18:05:53 +0000. Datasource DataSourceNoCloud [seed=/dev/sdb][dsmode=net].  Up 51.89 secondsReached target Cloud-init target.


Ubuntu 18.04.2 LTS ubuntu-bionic ttyS0

ubuntu-bionic login: 